UclustConsensusTaxonAssigner parameters:
id_to_taxonomy_filepath:databases/e_AamoA.db_nr_aln_taxonomy_qiime.txt
id_to_taxonomy_fp:databases/e_AamoA.db_nr_aln_taxonomy_qiime.txt
max_accepts:3
min_consensus_fraction:0.51
reference_sequences_fp:databases/d_AamoA.db_nr_aln.fasta
similarity:0.8
unassignable_label:Unassigned
Result path: /var/folders/56/65_b_crs0cxdp5wz605zn4hw0000gn/T/assign-taxiMsUIT

.uc file contents:

# uclust --input 5a-uniques_nochim_match_uchimed.fasta --id 0.8 --rev --maxaccepts 3 --allhits --libonly --lib databases/d_AamoA.db_nr_aln.fasta --uc /var/folders/56/65_b_crs0cxdp5wz605zn4hw0000gn/T/UclustConsensusTaxonAssigner_RL2lFQ.uc
# version=1.2.22
# Tab-separated fields:
# 1=Type, 2=ClusterNr, 3=SeqLength or ClusterSize, 4=PctId, 5=Strand, 6=QueryStart, 7=SeedStart, 8=Alignment, 9=QueryLabel, 10=TargetLabel
# Record types (field 1): L=LibSeed, S=NewSeed, H=Hit, R=Reject, D=LibCluster, C=NewCluster, N=NoHit
# For C and D types, PctId is average id with seed.
# QueryStart and SeedStart are zero-based relative to start of sequence.
# If minus strand, SeedStart is relative to reverse-complemented seed.
L	9527	600	*	*	*	*	*	HQ594475	*
H	9527	200	93.5	+	0	0	2D198M402I	sq3;size=2024;	HQ594475
L	480	600	*	*	*	*	*	AB625923	*
H	480	200	93.5	+	0	0	2D198M402I	sq3;size=2024;	AB625923
L	11520	600	*	*	*	*	*	JF935614	*
H	11520	200	93.5	+	0	0	2D198M402I	sq3;size=2024;	JF935614
H	480	200	94.5	+	0	0	2D198M402I	sq1;size=151935;	AB625923
H	9527	200	94.5	+	0	0	2D198M402I	sq1;size=151935;	HQ594475
L	14642	600	*	*	*	*	*	JX023526	*
H	14642	200	94.5	+	0	0	2D198M402I	sq1;size=151935;	JX023526
H	480	200	94.0	+	0	0	2D198M402I	sq2;size=179649;	AB625923
H	9527	200	94.0	+	0	0	2D198M402I	sq2;size=179649;	HQ594475
L	11451	600	*	*	*	*	*	JF935505	*
H	11451	200	94.0	+	0	0	2D198M402I	sq2;size=179649;	JF935505
H	9527	200	94.0	+	0	0	2D198M402I	sq17;size=876;	HQ594475
H	480	200	94.0	+	0	0	2D198M402I	sq17;size=876;	AB625923
L	11512	600	*	*	*	*	*	JF935603	*
H	11512	200	94.0	+	0	0	2D198M402I	sq17;size=876;	JF935603
L	880	600	*	*	*	*	*	CP007536	*
H	880	200	97.5	+	0	0	2D198M402I	sq20;size=8429;	CP007536
L	12632	600	*	*	*	*	*	JN190693	*
H	12632	200	97.0	+	0	0	2D198M402I	sq20;size=8429;	JN190693
L	16753	600	*	*	*	*	*	KC559228	*
H	16753	200	97.0	+	0	0	2D198M402I	sq20;size=8429;	KC559228
H	9527	200	94.0	+	0	0	2D198M402I	sq18;size=462;	HQ594475
H	480	200	94.0	+	0	0	2D198M402I	sq18;size=462;	AB625923
L	11452	600	*	*	*	*	*	JF935506	*
H	11452	200	94.0	+	0	0	2D198M402I	sq18;size=462;	JF935506
H	480	200	94.0	+	0	0	2D198M402I	sq19;size=427;	AB625923
H	9527	200	94.0	+	0	0	2D198M402I	sq19;size=427;	HQ594475
L	11421	600	*	*	*	*	*	JF935469	*
H	11421	200	94.0	+	0	0	2D198M402I	sq19;size=427;	JF935469
H	9527	200	94.0	+	0	0	2D198M402I	sq22;size=427;	HQ594475
H	480	200	94.0	+	0	0	2D198M402I	sq22;size=427;	AB625923
L	9934	600	*	*	*	*	*	HQ917130	*
H	9934	200	94.0	+	0	0	2D198M402I	sq22;size=427;	HQ917130
H	9527	200	94.0	+	0	0	2D198M402I	sq23;size=372;	HQ594475
H	480	200	94.0	+	0	0	2D198M402I	sq23;size=372;	AB625923
H	11452	200	94.0	+	0	0	2D198M402I	sq23;size=372;	JF935506
H	9527	200	94.0	+	0	0	2D198M402I	sq24;size=199;	HQ594475
H	480	200	94.0	+	0	0	2D198M402I	sq24;size=199;	AB625923
H	11512	200	94.0	+	0	0	2D198M402I	sq24;size=199;	JF935603
H	480	200	94.0	+	0	0	2D198M402I	sq25;size=314;	AB625923
H	9527	200	94.0	+	0	0	2D198M402I	sq25;size=314;	HQ594475
L	11600	600	*	*	*	*	*	JF935733	*
H	11600	200	94.0	+	0	0	2D198M402I	sq25;size=314;	JF935733
H	9527	200	93.5	+	0	0	2D198M402I	sq26;size=50;	HQ594475
H	480	200	93.5	+	0	0	2D198M402I	sq26;size=50;	AB625923
H	11512	200	93.5	+	0	0	2D198M402I	sq26;size=50;	JF935603
H	9527	200	94.0	+	0	0	2D198M402I	sq27;size=168;	HQ594475
H	480	200	94.0	+	0	0	2D198M402I	sq27;size=168;	AB625923
H	9934	200	94.0	+	0	0	2D198M402I	sq27;size=168;	HQ917130
H	9527	200	94.0	+	0	0	2D198M402I	sq30;size=128;	HQ594475
H	480	200	94.0	+	0	0	2D198M402I	sq30;size=128;	AB625923
L	11448	600	*	*	*	*	*	JF935501	*
H	11448	200	94.0	+	0	0	2D198M402I	sq30;size=128;	JF935501
H	480	200	94.0	+	0	0	2D198M402I	sq28;size=131;	AB625923
H	9527	200	94.0	+	0	0	2D198M402I	sq28;size=131;	HQ594475
H	11600	200	94.0	+	0	0	2D198M402I	sq28;size=131;	JF935733
H	480	200	94.0	+	0	0	2D198M402I	sq31;size=117;	AB625923
H	9527	200	94.0	+	0	0	2D198M402I	sq31;size=117;	HQ594475
H	9934	200	94.0	+	0	0	2D198M402I	sq31;size=117;	HQ917130
H	480	200	94.0	+	0	0	2D198M402I	sq29;size=293;	AB625923
H	9527	200	94.0	+	0	0	2D198M402I	sq29;size=293;	HQ594475
L	10826	600	*	*	*	*	*	JF905633	*
H	10826	200	94.0	+	0	0	2D198M402I	sq29;size=293;	JF905633
H	480	200	94.0	+	0	0	2D198M402I	sq32;size=106;	AB625923
H	9527	200	94.0	+	0	0	2D198M402I	sq32;size=106;	HQ594475
H	11451	200	94.0	+	0	0	2D198M402I	sq32;size=106;	JF935505
L	19267	600	*	*	*	*	*	KF476687	*
H	19267	200	90.0	+	0	0	2D198M402I	sq36;size=273352;	KF476687
L	9543	600	*	*	*	*	*	HQ638810	*
H	9543	200	88.5	+	0	0	2D198M402I	sq36;size=273352;	HQ638810
L	5319	600	*	*	*	*	*	GQ142531	*
H	5319	200	89.5	+	0	0	2D198M402I	sq36;size=273352;	GQ142531
H	9527	200	94.0	+	0	0	2D198M402I	sq37;size=198;	HQ594475
H	480	200	94.0	+	0	0	2D198M402I	sq37;size=198;	AB625923
H	11421	200	94.0	+	0	0	2D198M402I	sq37;size=198;	JF935469
H	9527	200	94.0	+	0	0	2D198M402I	sq40;size=320;	HQ594475
H	480	200	94.0	+	0	0	2D198M402I	sq40;size=320;	AB625923
H	10826	200	94.0	+	0	0	2D198M402I	sq40;size=320;	JF905633
H	9527	200	94.0	+	0	0	2D198M402I	sq38;size=140;	HQ594475
H	480	200	94.0	+	0	0	2D198M402I	sq38;size=140;	AB625923
H	10826	200	94.0	+	0	0	2D198M402I	sq38;size=140;	JF905633
H	9527	200	94.0	+	0	0	2D198M402I	sq39;size=170;	HQ594475
H	480	200	94.0	+	0	0	2D198M402I	sq39;size=170;	AB625923
H	11452	200	94.0	+	0	0	2D198M402I	sq39;size=170;	JF935506
H	9527	200	94.0	+	0	0	2D198M402I	sq41;size=167;	HQ594475
H	480	200	94.0	+	0	0	2D198M402I	sq41;size=167;	AB625923
H	11512	200	94.0	+	0	0	2D198M402I	sq41;size=167;	JF935603
H	11600	200	94.0	+	0	0	2D198M402I	sq42;size=216;	JF935733
H	11421	200	94.0	+	0	0	2D198M402I	sq42;size=216;	JF935469
H	14642	200	94.0	+	0	0	2D198M402I	sq42;size=216;	JX023526
H	480	200	94.0	+	0	0	2D198M402I	sq43;size=123;	AB625923
H	9527	200	94.0	+	0	0	2D198M402I	sq43;size=123;	HQ594475
H	11520	200	94.0	+	0	0	2D198M402I	sq43;size=123;	JF935614
H	480	200	94.0	+	0	0	2D198M402I	sq44;size=73;	AB625923
H	9527	200	94.0	+	0	0	2D198M402I	sq44;size=73;	HQ594475
H	11451	200	94.0	+	0	0	2D198M402I	sq44;size=73;	JF935505
L	15941	600	*	*	*	*	*	KC010607	*
H	15941	200	97.0	+	0	0	2D198M402I	sq46;size=11547;	KC010607
L	23051	600	*	*	*	*	*	KM116901	*
H	23051	200	97.0	+	0	0	2D198M402I	sq46;size=11547;	KM116901
L	15944	600	*	*	*	*	*	KC010622	*
H	15944	200	97.0	+	0	0	2D198M402I	sq46;size=11547;	KC010622
L	19911	600	*	*	*	*	*	KF754152	*
H	19911	200	97.5	+	0	0	2D198M402I	sq48;size=15;	KF754152
L	14325	600	*	*	*	*	*	JQ865031	*
H	14325	200	97.5	+	0	0	2D198M402I	sq48;size=15;	JQ865031
L	17715	600	*	*	*	*	*	KC801734	*
H	17715	200	97.5	+	0	0	2D198M402I	sq48;size=15;	KC801734
L	10827	600	*	*	*	*	*	JF905634	*
H	10827	200	96.5	+	0	0	2D198M402I	sq50;size=2954;	JF905634
L	11437	600	*	*	*	*	*	JF935486	*
H	11437	200	95.5	+	0	0	2D198M402I	sq50;size=2954;	JF935486
L	11454	600	*	*	*	*	*	JF935510	*
H	11454	200	95.5	+	0	0	2D198M402I	sq50;size=2954;	JF935510
L	23042	600	*	*	*	*	*	KM116876	*
H	23042	200	96.5	+	0	0	2D198M402I	sq57;size=93;	KM116876
H	23051	200	96.5	+	0	0	2D198M402I	sq57;size=93;	KM116901
L	23055	600	*	*	*	*	*	KM116906	*
H	23055	200	96.5	+	0	0	2D198M402I	sq57;size=93;	KM116906
H	19267	200	89.5	+	0	0	2D198M402I	sq68;size=1113;	KF476687
L	18101	600	*	*	*	*	*	KF004216	*
H	18101	200	90.5	+	0	0	2D198M402I	sq68;size=1113;	KF004216
L	9546	600	*	*	*	*	*	HQ638813	*
H	9546	200	88.5	+	0	0	2D198M402I	sq68;size=1113;	HQ638813
H	19267	200	89.5	+	0	0	2D198M402I	sq67;size=2932;	KF476687
L	11425	600	*	*	*	*	*	JF935473	*
H	11425	200	88.5	+	0	0	2D198M402I	sq67;size=2932;	JF935473
H	9543	200	88.0	+	0	0	2D198M402I	sq67;size=2932;	HQ638810
H	9527	200	95.0	+	0	0	2D198M402I	sq69;size=130860;	HQ594475
H	480	200	95.0	+	0	0	2D198M402I	sq69;size=130860;	AB625923
H	11421	200	95.0	+	0	0	2D198M402I	sq69;size=130860;	JF935469
H	19267	200	89.5	+	0	0	2D198M402I	sq70;size=456;	KF476687
L	21940	600	*	*	*	*	*	KJ863859	*
H	21940	200	86.5	+	0	0	2D198M402I	sq70;size=456;	KJ863859
H	9543	200	88.0	+	0	0	2D198M402I	sq70;size=456;	HQ638810
H	480	200	95.0	+	0	0	2D198M402I	sq71;size=445;	AB625923
H	9527	200	95.0	+	0	0	2D198M402I	sq71;size=445;	HQ594475
H	9934	200	95.0	+	0	0	2D198M402I	sq71;size=445;	HQ917130
H	21940	200	86.0	+	0	0	2D198M402I	sq72;size=254;	KJ863859
H	19267	200	89.0	+	0	0	2D198M402I	sq72;size=254;	KF476687
L	22136	600	*	*	*	*	*	KJ864171	*
H	22136	200	86.0	+	0	0	2D198M402I	sq72;size=254;	KJ864171
H	19267	200	89.0	+	0	0	2D198M402I	sq73;size=219;	KF476687
H	9543	200	87.5	+	0	0	2D198M402I	sq73;size=219;	HQ638810
H	18101	200	89.5	+	0	0	2D198M402I	sq73;size=219;	KF004216
H	880	200	96.5	+	0	0	2D198M402I	sq74;size=48;	CP007536
H	16753	200	96.0	+	0	0	2D198M402I	sq74;size=48;	KC559228
L	5033	600	*	*	*	*	*	FR773159	*
H	5033	200	96.0	+	0	0	2D198M402I	sq74;size=48;	FR773159
H	9543	200	87.5	+	0	0	2D198M402I	sq79;size=123;	HQ638810
H	19267	200	89.0	+	0	0	2D198M402I	sq79;size=123;	KF476687
L	9545	600	*	*	*	*	*	HQ638812	*
H	9545	200	87.5	+	0	0	2D198M402I	sq79;size=123;	HQ638812
H	19267	200	89.5	+	0	0	2D198M402I	sq80;size=2502;	KF476687
H	9545	200	88.0	+	0	0	2D198M402I	sq80;size=2502;	HQ638812
H	18101	200	90.0	+	0	0	2D198M402I	sq80;size=2502;	KF004216
H	19267	200	89.5	+	0	0	2D198M402I	sq81;size=3263;	KF476687
H	5319	200	89.0	+	0	0	2D198M402I	sq81;size=3263;	GQ142531
H	21940	200	86.5	+	0	0	2D198M402I	sq81;size=3263;	KJ863859
L	9262	600	*	*	*	*	*	HQ233299	*
H	9262	200	89.5	+	0	0	2D198M402I	sq82;size=1377;	HQ233299
H	11425	200	89.0	+	0	0	2D198M402I	sq82;size=1377;	JF935473
H	19267	200	89.5	+	0	0	2D198M402I	sq82;size=1377;	KF476687
H	19267	200	89.5	+	0	0	2D198M402I	sq83;size=277;	KF476687
H	9543	200	88.0	+	0	0	2D198M402I	sq83;size=277;	HQ638810
H	5319	200	89.0	+	0	0	2D198M402I	sq83;size=277;	GQ142531
H	19267	200	89.5	+	0	0	2D198M402I	sq84;size=471;	KF476687
H	9543	200	88.0	+	0	0	2D198M402I	sq84;size=471;	HQ638810
H	5319	200	89.0	+	0	0	2D198M402I	sq84;size=471;	GQ142531
H	19267	200	89.5	+	0	0	2D198M402I	sq87;size=200;	KF476687
H	21940	200	86.5	+	0	0	2D198M402I	sq87;size=200;	KJ863859
H	9543	200	88.0	+	0	0	2D198M402I	sq87;size=200;	HQ638810
H	19267	200	89.5	+	0	0	2D198M402I	sq85;size=183;	KF476687
H	9543	200	88.0	+	0	0	2D198M402I	sq85;size=183;	HQ638810
H	5319	200	89.0	+	0	0	2D198M402I	sq85;size=183;	GQ142531
H	19267	200	90.5	+	0	0	2D198M402I	sq86;size=173;	KF476687
L	18088	600	*	*	*	*	*	KF004193	*
H	18088	200	91.0	+	0	0	2D198M402I	sq86;size=173;	KF004193
H	9543	200	89.0	+	0	0	2D198M402I	sq86;size=173;	HQ638810
H	9543	200	89.0	+	0	0	2D198M402I	sq88;size=297;	HQ638810
H	19267	200	90.5	+	0	0	2D198M402I	sq88;size=297;	KF476687
H	11425	200	89.5	+	0	0	2D198M402I	sq88;size=297;	JF935473
H	10827	200	96.0	+	0	0	2D198M402I	sq90;size=62;	JF905634
H	11454	200	95.0	+	0	0	2D198M402I	sq90;size=62;	JF935510
H	480	200	95.0	+	0	0	2D198M402I	sq90;size=62;	AB625923
H	9543	200	88.5	+	0	0	2D198M402I	sq91;size=190;	HQ638810
H	19267	200	89.5	+	0	0	2D198M402I	sq91;size=190;	KF476687
H	9546	200	88.5	+	0	0	2D198M402I	sq91;size=190;	HQ638813
H	480	200	94.5	+	0	0	2D198M402I	sq89;size=1180;	AB625923
H	9527	200	94.5	+	0	0	2D198M402I	sq89;size=1180;	HQ594475
H	9934	200	94.5	+	0	0	2D198M402I	sq89;size=1180;	HQ917130
H	19267	200	89.5	+	0	0	2D198M402I	sq92;size=2506;	KF476687
H	9543	200	88.0	+	0	0	2D198M402I	sq92;size=2506;	HQ638810
H	5319	200	89.0	+	0	0	2D198M402I	sq92;size=2506;	GQ142531
H	19267	200	89.5	+	0	0	2D198M402I	sq93;size=721;	KF476687
H	21940	200	86.5	+	0	0	2D198M402I	sq93;size=721;	KJ863859
H	11425	200	88.5	+	0	0	2D198M402I	sq93;size=721;	JF935473
H	9527	200	94.5	+	0	0	2D198M402I	sq94;size=34;	HQ594475
H	480	200	94.5	+	0	0	2D198M402I	sq94;size=34;	AB625923
H	10826	200	94.5	+	0	0	2D198M402I	sq94;size=34;	JF905633
H	480	200	93.5	+	0	0	2D198M402I	sq97;size=1275;	AB625923
H	9527	200	93.5	+	0	0	2D198M402I	sq97;size=1275;	HQ594475
H	11448	200	93.5	+	0	0	2D198M402I	sq97;size=1275;	JF935501
H	880	200	97.0	+	0	0	2D198M402I	sq96;size=3299;	CP007536
H	16753	200	96.5	+	0	0	2D198M402I	sq96;size=3299;	KC559228
H	12632	200	96.5	+	0	0	2D198M402I	sq96;size=3299;	JN190693
H	9527	200	94.0	+	0	0	2D198M402I	sq98;size=929;	HQ594475
H	480	200	94.0	+	0	0	2D198M402I	sq98;size=929;	AB625923
H	10826	200	94.0	+	0	0	2D198M402I	sq98;size=929;	JF905633
L	9918	600	*	*	*	*	*	HQ896061	*
H	9918	200	92.5	+	0	0	2D198M402I	sq100;size=36;	HQ896061
H	11512	200	93.0	+	0	0	2D198M402I	sq100;size=36;	JF935603
H	11421	200	93.0	+	0	0	2D198M402I	sq100;size=36;	JF935469
H	9527	200	94.0	+	0	0	2D198M402I	sq101;size=119;	HQ594475
H	480	200	94.0	+	0	0	2D198M402I	sq101;size=119;	AB625923
H	10826	200	94.0	+	0	0	2D198M402I	sq101;size=119;	JF905633
H	880	200	97.0	+	0	0	2D198M402I	sq102;size=53;	CP007536
H	5033	200	96.5	+	0	0	2D198M402I	sq102;size=53;	FR773159
H	12632	200	96.5	+	0	0	2D198M402I	sq102;size=53;	JN190693
H	880	200	97.0	+	0	0	2D198M402I	sq103;size=102;	CP007536
H	5033	200	96.5	+	0	0	2D198M402I	sq103;size=102;	FR773159
L	14359	600	*	*	*	*	*	JQ865434	*
H	14359	200	96.5	+	0	0	2D198M402I	sq103;size=102;	JQ865434
H	9527	200	94.5	+	0	0	2D198M402I	sq105;size=2258;	HQ594475
H	480	200	94.5	+	0	0	2D198M402I	sq105;size=2258;	AB625923
H	11452	200	94.5	+	0	0	2D198M402I	sq105;size=2258;	JF935506
H	9527	200	94.5	+	0	0	2D198M402I	sq104;size=3396;	HQ594475
H	480	200	94.5	+	0	0	2D198M402I	sq104;size=3396;	AB625923
H	11452	200	94.5	+	0	0	2D198M402I	sq104;size=3396;	JF935506
H	9527	200	94.5	+	0	0	2D198M402I	sq113;size=300;	HQ594475
H	480	200	94.5	+	0	0	2D198M402I	sq113;size=300;	AB625923
H	14642	200	94.5	+	0	0	2D198M402I	sq113;size=300;	JX023526
H	15941	200	96.5	+	0	0	2D198M402I	sq115;size=171;	KC010607
H	23042	200	96.5	+	0	0	2D198M402I	sq115;size=171;	KM116876
H	23055	200	96.5	+	0	0	2D198M402I	sq115;size=171;	KM116906
H	23055	200	96.5	+	0	0	2D198M402I	sq116;size=133;	KM116906
H	23051	200	96.5	+	0	0	2D198M402I	sq116;size=133;	KM116901
H	23042	200	96.5	+	0	0	2D198M402I	sq116;size=133;	KM116876
H	480	200	94.5	+	0	0	2D198M402I	sq117;size=106;	AB625923
H	9527	200	94.5	+	0	0	2D198M402I	sq117;size=106;	HQ594475
H	11520	200	94.5	+	0	0	2D198M402I	sq117;size=106;	JF935614
H	480	200	94.0	+	0	0	2D198M402I	sq118;size=42;	AB625923
H	9527	200	94.0	+	0	0	2D198M402I	sq118;size=42;	HQ594475
H	11600	200	94.0	+	0	0	2D198M402I	sq118;size=42;	JF935733
H	480	200	94.0	+	0	0	2D198M402I	sq119;size=34;	AB625923
H	9527	200	94.0	+	0	0	2D198M402I	sq119;size=34;	HQ594475
H	11452	200	94.0	+	0	0	2D198M402I	sq119;size=34;	JF935506
H	9527	200	93.5	+	0	0	2D198M402I	sq124;size=2106;	HQ594475
H	480	200	93.5	+	0	0	2D198M402I	sq124;size=2106;	AB625923
L	11567	600	*	*	*	*	*	JF935691	*
H	11567	200	93.5	+	0	0	2D198M402I	sq124;size=2106;	JF935691
H	480	200	93.5	+	0	0	2D198M402I	sq125;size=1661;	AB625923
H	9527	200	93.5	+	0	0	2D198M402I	sq125;size=1661;	HQ594475
H	11421	200	93.5	+	0	0	2D198M402I	sq125;size=1661;	JF935469
H	480	200	93.5	+	0	0	2D198M402I	sq127;size=1130;	AB625923
H	9527	200	93.5	+	0	0	2D198M402I	sq127;size=1130;	HQ594475
H	11567	200	93.5	+	0	0	2D198M402I	sq127;size=1130;	JF935691
H	480	200	93.5	+	0	0	2D198M402I	sq129;size=950;	AB625923
H	9527	200	93.5	+	0	0	2D198M402I	sq129;size=950;	HQ594475
H	11452	200	93.5	+	0	0	2D198M402I	sq129;size=950;	JF935506
H	9527	200	93.5	+	0	0	2D198M402I	sq126;size=1214;	HQ594475
H	480	200	93.5	+	0	0	2D198M402I	sq126;size=1214;	AB625923
H	9934	200	93.5	+	0	0	2D198M402I	sq126;size=1214;	HQ917130
H	480	200	93.5	+	0	0	2D198M402I	sq128;size=1139;	AB625923
H	9527	200	93.5	+	0	0	2D198M402I	sq128;size=1139;	HQ594475
H	11512	200	93.5	+	0	0	2D198M402I	sq128;size=1139;	JF935603
H	480	200	93.5	+	0	0	2D198M402I	sq130;size=799;	AB625923
H	9527	200	93.5	+	0	0	2D198M402I	sq130;size=799;	HQ594475
L	20826	600	*	*	*	*	*	KJ081668	*
H	20826	200	93.5	+	0	0	2D198M402I	sq130;size=799;	KJ081668
H	480	200	93.5	+	0	0	2D198M402I	sq131;size=860;	AB625923
H	9527	200	93.5	+	0	0	2D198M402I	sq131;size=860;	HQ594475
L	11510	600	*	*	*	*	*	JF935599	*
H	11510	200	93.0	+	0	0	2D198M402I	sq131;size=860;	JF935599
H	480	200	93.5	+	0	0	2D198M402I	sq132;size=868;	AB625923
H	9527	200	93.5	+	0	0	2D198M402I	sq132;size=868;	HQ594475
H	14642	200	93.5	+	0	0	2D198M402I	sq132;size=868;	JX023526
H	480	200	93.5	+	0	0	2D198M402I	sq134;size=777;	AB625923
H	9527	200	93.5	+	0	0	2D198M402I	sq134;size=777;	HQ594475
H	10826	200	93.5	+	0	0	2D198M402I	sq134;size=777;	JF905633
H	480	200	93.5	+	0	0	2D198M402I	sq135;size=676;	AB625923
H	9527	200	93.5	+	0	0	2D198M402I	sq135;size=676;	HQ594475
H	9934	200	93.5	+	0	0	2D198M402I	sq135;size=676;	HQ917130
H	9527	200	93.5	+	0	0	2D198M402I	sq136;size=575;	HQ594475
H	480	200	93.5	+	0	0	2D198M402I	sq136;size=575;	AB625923
H	10826	200	93.5	+	0	0	2D198M402I	sq136;size=575;	JF905633
H	480	200	93.5	+	0	0	2D198M402I	sq137;size=518;	AB625923
H	9527	200	93.5	+	0	0	2D198M402I	sq137;size=518;	HQ594475
H	14642	200	93.5	+	0	0	2D198M402I	sq137;size=518;	JX023526
H	480	200	93.5	+	0	0	2D198M402I	sq152;size=599;	AB625923
H	9527	200	93.5	+	0	0	2D198M402I	sq152;size=599;	HQ594475
H	20826	200	93.5	+	0	0	2D198M402I	sq152;size=599;	KJ081668
H	9527	200	93.5	+	0	0	2D198M402I	sq154;size=978;	HQ594475
H	480	200	93.5	+	0	0	2D198M402I	sq154;size=978;	AB625923
H	14642	200	93.5	+	0	0	2D198M402I	sq154;size=978;	JX023526
H	9527	200	93.5	+	0	0	2D198M402I	sq133;size=665;	HQ594475
H	480	200	93.5	+	0	0	2D198M402I	sq133;size=665;	AB625923
H	11600	200	93.5	+	0	0	2D198M402I	sq133;size=665;	JF935733
H	9527	200	94.0	+	0	0	2D198M402I	sq157;size=521;	HQ594475
H	480	200	94.0	+	0	0	2D198M402I	sq157;size=521;	AB625923
H	20826	200	94.0	+	0	0	2D198M402I	sq157;size=521;	KJ081668
H	9527	200	92.5	+	0	0	2D198M402I	sq155;size=51;	HQ594475
H	480	200	92.5	+	0	0	2D198M402I	sq155;size=51;	AB625923
L	11582	600	*	*	*	*	*	JF935709	*
H	11582	200	92.5	+	0	0	2D198M402I	sq155;size=51;	JF935709
H	480	200	93.5	+	0	0	2D198M402I	sq158;size=315;	AB625923
H	9527	200	93.5	+	0	0	2D198M402I	sq158;size=315;	HQ594475
H	11421	200	93.5	+	0	0	2D198M402I	sq158;size=315;	JF935469
H	480	200	93.5	+	0	0	2D198M402I	sq161;size=606;	AB625923
H	9527	200	93.5	+	0	0	2D198M402I	sq161;size=606;	HQ594475
H	11582	200	93.5	+	0	0	2D198M402I	sq161;size=606;	JF935709
H	480	200	93.5	+	0	0	2D198M402I	sq159;size=503;	AB625923
H	9527	200	93.5	+	0	0	2D198M402I	sq159;size=503;	HQ594475
H	11451	200	93.5	+	0	0	2D198M402I	sq159;size=503;	JF935505
H	480	200	93.0	+	0	0	2D198M402I	sq162;size=98;	AB625923
H	9527	200	93.0	+	0	0	2D198M402I	sq162;size=98;	HQ594475
H	11451	200	93.0	+	0	0	2D198M402I	sq162;size=98;	JF935505
H	14642	200	93.5	+	0	0	2D198M402I	sq163;size=348;	JX023526
H	11520	200	93.5	+	0	0	2D198M402I	sq163;size=348;	JF935614
H	11421	200	93.5	+	0	0	2D198M402I	sq163;size=348;	JF935469
H	9527	200	93.5	+	0	0	2D198M402I	sq164;size=369;	HQ594475
H	480	200	93.5	+	0	0	2D198M402I	sq164;size=369;	AB625923
H	11600	200	93.5	+	0	0	2D198M402I	sq164;size=369;	JF935733
H	9527	200	92.5	+	0	0	2D198M402I	sq165;size=37;	HQ594475
H	480	200	92.5	+	0	0	2D198M402I	sq165;size=37;	AB625923
H	11600	200	92.5	+	0	0	2D198M402I	sq165;size=37;	JF935733
H	480	200	93.5	+	0	0	2D198M402I	sq166;size=518;	AB625923
H	9527	200	93.5	+	0	0	2D198M402I	sq166;size=518;	HQ594475
H	11582	200	93.5	+	0	0	2D198M402I	sq166;size=518;	JF935709
H	480	200	93.5	+	0	0	2D198M402I	sq167;size=414;	AB625923
H	9527	200	93.5	+	0	0	2D198M402I	sq167;size=414;	HQ594475
H	11452	200	93.5	+	0	0	2D198M402I	sq167;size=414;	JF935506
H	9527	200	93.5	+	0	0	2D198M402I	sq168;size=214;	HQ594475
H	480	200	93.5	+	0	0	2D198M402I	sq168;size=214;	AB625923
H	11520	200	93.5	+	0	0	2D198M402I	sq168;size=214;	JF935614
H	9527	200	91.0	+	0	0	2D198M402I	sq170;size=11;	HQ594475
H	480	200	91.0	+	0	0	2D198M402I	sq170;size=11;	AB625923
H	11452	200	91.0	+	0	0	2D198M402I	sq170;size=11;	JF935506
H	19267	200	89.5	+	0	0	2D198M402I	sq173;size=2677;	KF476687
H	5319	200	89.0	+	0	0	2D198M402I	sq173;size=2677;	GQ142531
H	9543	200	88.0	+	0	0	2D198M402I	sq173;size=2677;	HQ638810
H	9527	200	93.5	+	0	0	2D198M402I	sq171;size=190;	HQ594475
H	480	200	93.5	+	0	0	2D198M402I	sq171;size=190;	AB625923
H	11451	200	93.5	+	0	0	2D198M402I	sq171;size=190;	JF935505
H	19267	200	89.5	+	0	0	2D198M402I	sq175;size=2015;	KF476687
H	9543	200	88.0	+	0	0	2D198M402I	sq175;size=2015;	HQ638810
H	5319	200	89.0	+	0	0	2D198M402I	sq175;size=2015;	GQ142531
H	19267	200	89.5	+	0	0	2D198M402I	sq174;size=2143;	KF476687
H	9543	200	88.0	+	0	0	2D198M402I	sq174;size=2143;	HQ638810
H	21940	200	86.5	+	0	0	2D198M402I	sq174;size=2143;	KJ863859
H	19267	200	89.5	+	0	0	2D198M402I	sq178;size=1526;	KF476687
H	9543	200	88.0	+	0	0	2D198M402I	sq178;size=1526;	HQ638810
H	5319	200	89.0	+	0	0	2D198M402I	sq178;size=1526;	GQ142531
H	19267	200	89.5	+	0	0	2D198M402I	sq177;size=1392;	KF476687
H	9543	200	88.0	+	0	0	2D198M402I	sq177;size=1392;	HQ638810
H	5319	200	89.0	+	0	0	2D198M402I	sq177;size=1392;	GQ142531
H	19267	200	89.5	+	0	0	2D198M402I	sq176;size=1958;	KF476687
H	5319	200	89.0	+	0	0	2D198M402I	sq176;size=1958;	GQ142531
H	9543	200	88.0	+	0	0	2D198M402I	sq176;size=1958;	HQ638810
H	480	200	93.5	+	0	0	2D198M402I	sq172;size=303;	AB625923
H	9527	200	93.5	+	0	0	2D198M402I	sq172;size=303;	HQ594475
H	11421	200	93.5	+	0	0	2D198M402I	sq172;size=303;	JF935469
H	9527	200	94.5	+	0	0	2D198M402I	sq179;size=1339;	HQ594475
H	480	200	94.5	+	0	0	2D198M402I	sq179;size=1339;	AB625923
H	11567	200	94.5	+	0	0	2D198M402I	sq179;size=1339;	JF935691
H	9543	200	89.0	+	0	0	2D198M402I	sq181;size=1110;	HQ638810
H	9545	200	89.0	+	0	0	2D198M402I	sq181;size=1110;	HQ638812
H	9546	200	89.0	+	0	0	2D198M402I	sq181;size=1110;	HQ638813
H	9527	200	94.5	+	0	0	2D198M402I	sq180;size=1296;	HQ594475
H	480	200	94.5	+	0	0	2D198M402I	sq180;size=1296;	AB625923
H	11421	200	94.5	+	0	0	2D198M402I	sq180;size=1296;	JF935469
H	9527	200	94.5	+	0	0	2D198M402I	sq182;size=991;	HQ594475
H	480	200	94.5	+	0	0	2D198M402I	sq182;size=991;	AB625923
H	11512	200	94.5	+	0	0	2D198M402I	sq182;size=991;	JF935603
H	19267	200	90.5	+	0	0	2D198M402I	sq184;size=983;	KF476687
H	5319	200	90.0	+	0	0	2D198M402I	sq184;size=983;	GQ142531
H	11425	200	89.5	+	0	0	2D198M402I	sq184;size=983;	JF935473
H	9527	200	94.5	+	0	0	2D198M402I	sq183;size=971;	HQ594475
H	480	200	94.5	+	0	0	2D198M402I	sq183;size=971;	AB625923
H	11512	200	94.5	+	0	0	2D198M402I	sq183;size=971;	JF935603
H	19267	200	89.5	+	0	0	2D198M402I	sq185;size=1091;	KF476687
H	5319	200	89.0	+	0	0	2D198M402I	sq185;size=1091;	GQ142531
H	9543	200	88.0	+	0	0	2D198M402I	sq185;size=1091;	HQ638810
H	19267	200	89.5	+	0	0	2D198M402I	sq187;size=694;	KF476687
H	9543	200	88.0	+	0	0	2D198M402I	sq187;size=694;	HQ638810
H	5319	200	89.0	+	0	0	2D198M402I	sq187;size=694;	GQ142531
H	19267	200	89.5	+	0	0	2D198M402I	sq186;size=996;	KF476687
H	9543	200	88.0	+	0	0	2D198M402I	sq186;size=996;	HQ638810
H	21940	200	86.5	+	0	0	2D198M402I	sq186;size=996;	KJ863859
H	19267	200	89.5	+	0	0	2D198M402I	sq189;size=595;	KF476687
H	9543	200	88.0	+	0	0	2D198M402I	sq189;size=595;	HQ638810
H	5319	200	89.0	+	0	0	2D198M402I	sq189;size=595;	GQ142531
H	9527	200	94.5	+	0	0	2D198M402I	sq190;size=516;	HQ594475
H	480	200	94.5	+	0	0	2D198M402I	sq190;size=516;	AB625923
H	11421	200	94.5	+	0	0	2D198M402I	sq190;size=516;	JF935469
H	9527	200	94.5	+	0	0	2D198M402I	sq188;size=576;	HQ594475
H	480	200	94.5	+	0	0	2D198M402I	sq188;size=576;	AB625923
H	11567	200	94.5	+	0	0	2D198M402I	sq188;size=576;	JF935691
H	480	200	94.0	+	0	0	2D198M402I	sq192;size=551;	AB625923
H	9527	200	94.0	+	0	0	2D198M402I	sq192;size=551;	HQ594475
H	14642	200	94.0	+	0	0	2D198M402I	sq192;size=551;	JX023526
H	9527	200	93.0	+	0	0	2D198M402I	sq194;size=251;	HQ594475
H	480	200	93.0	+	0	0	2D198M402I	sq194;size=251;	AB625923
H	9934	200	93.0	+	0	0	2D198M402I	sq194;size=251;	HQ917130
H	19267	200	89.0	+	0	0	2D198M402I	sq195;size=212;	KF476687
H	9543	200	87.5	+	0	0	2D198M402I	sq195;size=212;	HQ638810
H	5319	200	88.5	+	0	0	2D198M402I	sq195;size=212;	GQ142531
L	9389	600	*	*	*	*	*	HQ340455	*
H	9389	200	87.5	+	0	0	2D198M402I	sq196;size=226;	HQ340455
H	19267	200	89.0	+	0	0	2D198M402I	sq196;size=226;	KF476687
H	9543	200	87.5	+	0	0	2D198M402I	sq196;size=226;	HQ638810
H	19267	200	89.0	+	0	0	2D198M402I	sq197;size=170;	KF476687
H	15941	200	87.5	+	0	0	2D198M402I	sq197;size=170;	KC010607
H	15944	200	87.5	+	0	0	2D198M402I	sq197;size=170;	KC010622
H	19267	200	89.0	+	0	0	2D198M402I	sq198;size=138;	KF476687
H	9543	200	87.5	+	0	0	2D198M402I	sq198;size=138;	HQ638810
H	11425	200	88.0	+	0	0	2D198M402I	sq198;size=138;	JF935473
H	9527	200	94.5	+	0	0	2D198M402I	sq191;size=525;	HQ594475
H	480	200	94.5	+	0	0	2D198M402I	sq191;size=525;	AB625923
H	14642	200	94.5	+	0	0	2D198M402I	sq191;size=525;	JX023526
H	19267	200	88.5	+	0	0	2D198M402I	sq213;size=69;	KF476687
H	5319	200	88.0	+	0	0	2D198M402I	sq213;size=69;	GQ142531
H	9543	200	87.0	+	0	0	2D198M402I	sq213;size=69;	HQ638810
H	23051	200	87.0	+	0	0	2D198M402I	sq214;size=191;	KM116901
H	23055	200	87.0	+	0	0	2D198M402I	sq214;size=191;	KM116906
H	15941	200	87.0	+	0	0	2D198M402I	sq214;size=191;	KC010607
H	19267	200	89.5	+	0	0	2D198M402I	sq215;size=462;	KF476687
H	5319	200	89.0	+	0	0	2D198M402I	sq215;size=462;	GQ142531
H	21940	200	86.5	+	0	0	2D198M402I	sq215;size=462;	KJ863859
H	19267	200	89.5	+	0	0	2D198M402I	sq216;size=465;	KF476687
H	9543	200	88.0	+	0	0	2D198M402I	sq216;size=465;	HQ638810
H	5319	200	89.0	+	0	0	2D198M402I	sq216;size=465;	GQ142531
H	19267	200	89.5	+	0	0	2D198M402I	sq217;size=544;	KF476687
H	9543	200	88.0	+	0	0	2D198M402I	sq217;size=544;	HQ638810
H	5319	200	89.0	+	0	0	2D198M402I	sq217;size=544;	GQ142531
H	19267	200	89.5	+	0	0	2D198M402I	sq218;size=412;	KF476687
H	9543	200	88.0	+	0	0	2D198M402I	sq218;size=412;	HQ638810
H	5319	200	89.0	+	0	0	2D198M402I	sq218;size=412;	GQ142531
H	480	200	94.5	+	0	0	2D198M402I	sq219;size=290;	AB625923
H	9527	200	94.5	+	0	0	2D198M402I	sq219;size=290;	HQ594475
H	10826	200	94.5	+	0	0	2D198M402I	sq219;size=290;	JF905633
H	9527	200	94.5	+	0	0	2D198M402I	sq220;size=353;	HQ594475
H	480	200	94.5	+	0	0	2D198M402I	sq220;size=353;	AB625923
H	11451	200	94.5	+	0	0	2D198M402I	sq220;size=353;	JF935505
H	480	200	94.5	+	0	0	2D198M402I	sq221;size=279;	AB625923
H	9527	200	94.5	+	0	0	2D198M402I	sq221;size=279;	HQ594475
H	11421	200	94.5	+	0	0	2D198M402I	sq221;size=279;	JF935469
H	19267	200	90.0	+	0	0	2D198M402I	sq222;size=346;	KF476687
H	9543	200	88.5	+	0	0	2D198M402I	sq222;size=346;	HQ638810
H	5319	200	89.5	+	0	0	2D198M402I	sq222;size=346;	GQ142531
H	19267	200	89.5	+	0	0	2D198M402I	sq225;size=548;	KF476687
H	9262	200	88.5	+	0	0	2D198M402I	sq225;size=548;	HQ233299
H	9543	200	88.0	+	0	0	2D198M402I	sq225;size=548;	HQ638810
H	480	200	94.0	+	0	0	2D198M402I	sq223;size=129;	AB625923
H	9527	200	94.0	+	0	0	2D198M402I	sq223;size=129;	HQ594475
H	11582	200	94.0	+	0	0	2D198M402I	sq223;size=129;	JF935709
H	19267	200	89.5	+	0	0	2D198M402I	sq227;size=500;	KF476687
H	11425	200	88.5	+	0	0	2D198M402I	sq227;size=500;	JF935473
H	9543	200	88.0	+	0	0	2D198M402I	sq227;size=500;	HQ638810
H	19267	200	90.0	+	0	0	2D198M402I	sq229;size=411;	KF476687
H	18101	200	91.0	+	0	0	2D198M402I	sq229;size=411;	KF004216
H	9543	200	88.5	+	0	0	2D198M402I	sq229;size=411;	HQ638810
H	9527	200	94.5	+	0	0	2D198M402I	sq226;size=240;	HQ594475
H	480	200	94.5	+	0	0	2D198M402I	sq226;size=240;	AB625923
H	10826	200	94.5	+	0	0	2D198M402I	sq226;size=240;	JF905633
H	19267	200	89.5	+	0	0	2D198M402I	sq228;size=227;	KF476687
H	9543	200	88.0	+	0	0	2D198M402I	sq228;size=227;	HQ638810
H	5319	200	89.0	+	0	0	2D198M402I	sq228;size=227;	GQ142531
H	19267	200	89.5	+	0	0	2D198M402I	sq224;size=628;	KF476687
H	9543	200	88.0	+	0	0	2D198M402I	sq224;size=628;	HQ638810
H	5319	200	89.0	+	0	0	2D198M402I	sq224;size=628;	GQ142531
H	19267	200	90.0	+	0	0	2D198M402I	sq230;size=226;	KF476687
H	9543	200	88.5	+	0	0	2D198M402I	sq230;size=226;	HQ638810
H	5319	200	89.5	+	0	0	2D198M402I	sq230;size=226;	GQ142531
H	19267	200	89.5	+	0	0	2D198M402I	sq232;size=452;	KF476687
H	9543	200	88.0	+	0	0	2D198M402I	sq232;size=452;	HQ638810
H	5319	200	89.0	+	0	0	2D198M402I	sq232;size=452;	GQ142531
H	480	200	94.0	+	0	0	2D198M402I	sq231;size=53;	AB625923
H	9527	200	94.0	+	0	0	2D198M402I	sq231;size=53;	HQ594475
H	11582	200	94.0	+	0	0	2D198M402I	sq231;size=53;	JF935709
H	19267	200	89.5	+	0	0	2D198M402I	sq234;size=456;	KF476687
H	5319	200	89.0	+	0	0	2D198M402I	sq234;size=456;	GQ142531
H	21940	200	86.5	+	0	0	2D198M402I	sq234;size=456;	KJ863859
H	480	200	94.5	+	0	0	2D198M402I	sq233;size=175;	AB625923
H	9527	200	94.5	+	0	0	2D198M402I	sq233;size=175;	HQ594475
H	14642	200	94.5	+	0	0	2D198M402I	sq233;size=175;	JX023526
H	5319	200	87.0	+	0	0	2D198M402I	sq236;size=16;	GQ142531
H	19267	200	87.0	+	0	0	2D198M402I	sq236;size=16;	KF476687
H	9543	200	85.5	+	0	0	2D198M402I	sq236;size=16;	HQ638810
H	480	200	94.5	+	0	0	2D198M402I	sq235;size=317;	AB625923
H	9527	200	94.5	+	0	0	2D198M402I	sq235;size=317;	HQ594475
H	11582	200	94.5	+	0	0	2D198M402I	sq235;size=317;	JF935709
H	9934	200	95.5	+	0	0	2D198M402I	sq239;size=10431;	HQ917130
H	14642	200	95.5	+	0	0	2D198M402I	sq239;size=10431;	JX023526
H	11421	200	95.5	+	0	0	2D198M402I	sq239;size=10431;	JF935469
L	11515	600	*	*	*	*	*	JF935606	*
H	11515	200	97.0	+	0	0	2D198M402I	sq240;size=1523;	JF935606
H	9934	200	96.5	+	0	0	2D198M402I	sq240;size=1523;	HQ917130
H	11567	200	96.5	+	0	0	2D198M402I	sq240;size=1523;	JF935691
H	9934	200	95.0	+	0	0	2D198M402I	sq241;size=633;	HQ917130
H	14642	200	95.0	+	0	0	2D198M402I	sq241;size=633;	JX023526
H	11567	200	95.0	+	0	0	2D198M402I	sq241;size=633;	JF935691
H	14642	200	95.0	+	0	0	2D198M402I	sq242;size=585;	JX023526
H	9934	200	95.0	+	0	0	2D198M402I	sq242;size=585;	HQ917130
H	11567	200	95.0	+	0	0	2D198M402I	sq242;size=585;	JF935691
H	11515	200	96.5	+	0	0	2D198M402I	sq250;size=169;	JF935606
H	9934	200	96.0	+	0	0	2D198M402I	sq250;size=169;	HQ917130
H	10826	200	96.0	+	0	0	2D198M402I	sq250;size=169;	JF905633
H	11515	200	97.5	+	0	0	2D198M402I	sq251;size=120;	JF935606
H	9934	200	97.0	+	0	0	2D198M402I	sq251;size=120;	HQ917130
H	11582	200	97.0	+	0	0	2D198M402I	sq251;size=120;	JF935709
H	11515	200	96.5	+	0	0	2D198M402I	sq253;size=56;	JF935606
H	11520	200	96.0	+	0	0	2D198M402I	sq253;size=56;	JF935614
H	11451	200	96.0	+	0	0	2D198M402I	sq253;size=56;	JF935505
H	11515	200	96.5	+	0	0	2D198M402I	sq252;size=60;	JF935606
H	9934	200	96.0	+	0	0	2D198M402I	sq252;size=60;	HQ917130
H	11448	200	96.0	+	0	0	2D198M402I	sq252;size=60;	JF935501
H	9934	200	95.0	+	0	0	2D198M402I	sq254;size=75;	HQ917130
H	11448	200	95.0	+	0	0	2D198M402I	sq254;size=75;	JF935501
H	11520	200	95.0	+	0	0	2D198M402I	sq254;size=75;	JF935614
D	880	6	*	*	*	*	97.0	CP007536	*
D	9527	2	*	*	*	*	93.5	HQ594475	*
D	9546	2	*	*	*	*	89.0	HQ638813	*
D	9934	9	*	*	*	*	93.9	HQ917130	*
D	10826	11	*	*	*	*	94.0	JF905633	*
D	10827	3	*	*	*	*	96.2	JF905634	*
D	11421	13	*	*	*	*	94.1	JF935469	*
D	11448	3	*	*	*	*	93.8	JF935501	*
D	11451	8	*	*	*	*	93.8	JF935505	*
D	11452	10	*	*	*	*	93.7	JF935506	*
D	11512	8	*	*	*	*	94.0	JF935603	*
D	11515	6	*	*	*	*	96.8	JF935606	*
D	11520	6	*	*	*	*	94.1	JF935614	*
D	11567	7	*	*	*	*	94.3	JF935691	*
D	11582	7	*	*	*	*	93.7	JF935709	*
D	11600	7	*	*	*	*	93.6	JF935733	*
D	14642	10	*	*	*	*	94.1	JX023526	*
D	15941	2	*	*	*	*	87.0	KC010607	*
D	15944	2	*	*	*	*	97.0	KC010622	*
D	17715	2	*	*	*	*	97.5	KC801734	*
D	18088	2	*	*	*	*	91.0	KF004193	*
D	18101	5	*	*	*	*	90.2	KF004216	*
D	19267	45	*	*	*	*	89.4	KF476687	*
D	20826	4	*	*	*	*	93.7	KJ081668	*
D	23042	2	*	*	*	*	96.5	KM116876	*
D	23055	3	*	*	*	*	96.5	KM116906	*
